<?xml version="1.0" encoding="UTF-8"?>
<!-- Generated by org.testng.reporters.JUnitReportReporter -->
<testsuite hostname="LAPTOP-POCFV7OH" failures="0" tests="1" name="RestAssured.PostMethods" time="3.303" errors="0" timestamp="2021-11-14T22:04:31 IST" skipped="0">
  <testcase classname="RestAssured.PostMethods" name="test_1Request" time="3.303"/>
  <system-out/>
</testsuite> <!-- RestAssured.PostMethods -->
