<?xml version="1.0" encoding="UTF-8"?>
<!-- Generated by org.testng.reporters.JUnitReportReporter -->
<testsuite hostname="LAPTOP-POCFV7OH" failures="0" tests="1" name="RestAssured.Delete" time="2.762" errors="0" timestamp="2021-11-15T10:15:48 IST" skipped="0">
  <testcase classname="RestAssured.Delete" name="del1" time="2.762"/>
  <system-out/>
</testsuite> <!-- RestAssured.Delete -->
