<?xml version="1.0" encoding="UTF-8"?>
<!-- Generated by org.testng.reporters.JUnitReportReporter -->
<testsuite hostname="LAPTOP-POCFV7OH" failures="0" tests="2" name="RestAssured.PostDDT" time="4.326" errors="0" timestamp="2021-11-15T09:45:53 IST" skipped="0">
  <testcase classname="RestAssured.PostDDT" name="test_1Request" time="0.434"/>
  <system-out/>
  <testcase classname="RestAssured.PostDDT" name="test_1Request" time="3.892"/>
  <system-out/>
</testsuite> <!-- RestAssured.PostDDT -->
