<?xml version="1.0" encoding="UTF-8"?>
<!-- Generated by org.testng.reporters.JUnitReportReporter -->
<testsuite hostname="LAPTOP-POCFV7OH" failures="0" tests="2" name="RestAssured.GetTest" time="3.979" errors="0" timestamp="2021-11-14T21:26:21 IST" skipped="0">
  <testcase classname="RestAssured.GetTest" name="test_01" time="3.772"/>
  <system-out/>
  <testcase classname="RestAssured.GetTest" name="test_02" time="0.207"/>
  <system-out/>
</testsuite> <!-- RestAssured.GetTest -->
