<?xml version="1.0" encoding="UTF-8"?>
<!-- Generated by org.testng.reporters.JUnitReportReporter -->
<testsuite hostname="LAPTOP-POCFV7OH" failures="0" tests="1" name="RestAssured.Patch" time="3.596" errors="0" timestamp="2021-11-24T16:46:06 IST" skipped="0">
  <testcase classname="RestAssured.Patch" name="Patch_Test" time="3.596"/>
  <system-out/>
</testsuite> <!-- RestAssured.Patch -->
